c:\users\misha\source\repos\cafee\debug\cafee.add.resources
c:\users\misha\source\repos\cafee\debug\cafee.mainform.resources
c:\users\misha\source\repos\cafee\debug\cafee.myform.resources
c:\users\misha\source\repos\cafee\debug\vc142.pdb
c:\users\misha\source\repos\cafee\debug\.netframework,version=v4.7.2.assemblyattributes.obj
c:\users\misha\source\repos\cafee\debug\source.obj
c:\users\misha\source\repos\cafee\debug\myform.obj
c:\users\misha\source\repos\cafee\debug\meal.obj
c:\users\misha\source\repos\cafee\debug\mainform.obj
c:\users\misha\source\repos\cafee\debug\drink.obj
c:\users\misha\source\repos\cafee\debug\dish.obj
c:\users\misha\source\repos\cafee\debug\dessert.obj
c:\users\misha\source\repos\cafee\debug\add.obj
c:\users\misha\source\repos\cafee\debug\cafee.vcxproj.generateresource.cache
c:\users\misha\source\repos\cafee\debug\cafee.pdb
c:\users\misha\source\repos\cafee\debug\cafee.tlog\cafee.write.1u.tlog
c:\users\misha\source\repos\cafee\debug\cafee.tlog\cl.command.1.tlog
c:\users\misha\source\repos\cafee\debug\cafee.tlog\cl.read.1.tlog
c:\users\misha\source\repos\cafee\debug\cafee.tlog\cl.write.1.tlog
c:\users\misha\source\repos\cafee\debug\cafee.tlog\link.2668-cvtres.read.1.tlog
c:\users\misha\source\repos\cafee\debug\cafee.tlog\link.2668-cvtres.write.1.tlog
c:\users\misha\source\repos\cafee\debug\cafee.tlog\link.2668-rc.read.1.tlog
c:\users\misha\source\repos\cafee\debug\cafee.tlog\link.2668-rc.write.1.tlog
c:\users\misha\source\repos\cafee\debug\cafee.tlog\link.2668.read.1.tlog
c:\users\misha\source\repos\cafee\debug\cafee.tlog\link.2668.write.1.tlog
c:\users\misha\source\repos\cafee\debug\cafee.tlog\link.3172-cvtres.read.1.tlog
c:\users\misha\source\repos\cafee\debug\cafee.tlog\link.3172-cvtres.write.1.tlog
c:\users\misha\source\repos\cafee\debug\cafee.tlog\link.3172-rc.read.1.tlog
c:\users\misha\source\repos\cafee\debug\cafee.tlog\link.3172-rc.write.1.tlog
c:\users\misha\source\repos\cafee\debug\cafee.tlog\link.3172.read.1.tlog
c:\users\misha\source\repos\cafee\debug\cafee.tlog\link.3172.write.1.tlog
c:\users\misha\source\repos\cafee\debug\cafee.tlog\link.5920-cvtres.read.1.tlog
c:\users\misha\source\repos\cafee\debug\cafee.tlog\link.5920-cvtres.write.1.tlog
c:\users\misha\source\repos\cafee\debug\cafee.tlog\link.5920-rc.read.1.tlog
c:\users\misha\source\repos\cafee\debug\cafee.tlog\link.5920-rc.write.1.tlog
c:\users\misha\source\repos\cafee\debug\cafee.tlog\link.5920.read.1.tlog
c:\users\misha\source\repos\cafee\debug\cafee.tlog\link.5920.write.1.tlog
c:\users\misha\source\repos\cafee\debug\cafee.tlog\link.command.1.tlog
c:\users\misha\source\repos\cafee\debug\cafee.tlog\link.read.1.tlog
c:\users\misha\source\repos\cafee\debug\cafee.tlog\link.write.1.tlog
c:\users\misha\source\repos\cafee\debug\cafee.tlog\metagen.read.1.tlog
c:\users\misha\source\repos\cafee\debug\cafee.tlog\metagen.write.1.tlog
